<?xml version="1.0" encoding="UTF-8"?>
<!-- Generated by org.testng.reporters.JUnitXMLReporter -->
<testsuite hostname="LAPTOP-CESU4ELL" ignored="0" name="Test" tests="7" failures="0" timestamp="14 Mar 2021 17:21:54 GMT" time="153.279" errors="0">
  <testcase name="correspondent" time="1.594" classname="ExtentReport.ExtentReport_class"/>
  <testcase name="openBrowser" time="70.856" classname="ExtentReport.OpeningBrowser"/>
  <testcase name="Login" time="73.738" classname="ExtentReport.MouseHover"/>
  <testcase name="openApp" time="84.127" classname="ExtentReport.actime"/>
  <testcase name="Login" time="94.141" classname="ExtentReport.LoginCheckup"/>
  <testcase name="openAppe" time="31.59" classname="ExtentReport.actime"/>
  <testcase name="openBrowser1" time="37.477" classname="ExtentReport.OpeningBrowser"/>
</testsuite> <!-- Test -->
